*** Using Compiler 'V5.06 update 6 (build 750)', folder: 'D:\Programs\Keil_v5\ARM\ARMCC\Bin'
Build target 'ball_control'
assembling startup_stm32f401xc.s...
compiling gpio.c...
compiling servo.c...
../USER/H/servo.h(9): error:  #20: identifier "uint16_t" is undefined
  void Set_servo_angle(uint16_t angle1,uint16_t angle2);
../USER/H/servo.h(9): error:  #20: identifier "uint16_t" is undefined
  void Set_servo_angle(uint16_t angle1,uint16_t angle2);
../USER/H/servo.h(11): warning:  #1-D: last line of file ends without a newline
  #endif
..\USER\C\servo.c: 1 warning, 2 errors
compiling i2c.c...
compiling control.c...
../USER/H/control.h(24): warning:  #1-D: last line of file ends without a newline
  #endif
../USER/H/led.h(7): warning:  #1295-D: Deprecated declaration led_toggle - give arg types
  void led_toggle();
../USER/H/led.h(8): warning:  #1295-D: Deprecated declaration led_on - give arg types
  void led_on();
../USER/H/led.h(9): warning:  #1295-D: Deprecated declaration led_off - give arg types
  void led_off();
..\USER\C\control.c(46): warning:  #223-D: function "Limit_speed" declared implicitly
  								Limit_speed (cont_val_X, cont_val_Y);   // é€Ÿåº¦ä¸Šé™å¤„ç†
..\USER\C\control.c(90): warning:  #223-D: function "limit_angle" declared implicitly
  							x_angle = limit_angle(cont_val_X);  // è½¬æ¢é‡ç¨‹ï¼Œæ¿å­å€¾æ–œè§’åº¦é™å¹… ï¼?90åº¦æ­£åè½¬åŠ¨ä¸€ä¸ªå€¼ï¼‰
..\USER\C\control.c(97): warning:  #223-D: function "AngleControlOutput" declared implicitly
  AngleControlOutput();
..\USER\C\control.c(99): warning:  #223-D: function "Set_servo_angle" declared implicitly
  							Set_servo_angle(g_fSpeedControlOut_X, g_fSpeedControlOut_Y);  // èˆµæœºæ§åˆ¶
..\USER\C\control.c(104): error:  #260-D: explicit type is missing ("int" assumed)
  Limit_speed (float val_x , float val_y)
..\USER\C\control.c(104): error:  #159: declaration is incompatible with previous "Limit_speed"  (declared at line 46)
  Limit_speed (float val_x , float val_y)
..\USER\C\control.c(126): error:  #159: declaration is incompatible with previous "AngleControlOutput"  (declared at line 97)
  void AngleControlOutput(void)    //å¹³æ»‘è¾“å‡ºï¼Œå°†ä¸€æ¬¡é€Ÿåº¦ç¯æ§åˆ¶æ‹†åˆ†ä¸ºä¸‰æ¬¡è¾“å‡ºï¼Œæ¯æ¬¡ä¸¤ä¸?10mså‘¨æœŸçš„PWM
..\USER\C\control.c: 8 warnings, 3 errors
compiling control_logic.c...
..\USER\C\control_logic.c(7): warning:  #223-D: function "control" declared implicitly
          control();
..\USER\C\control_logic.c: 1 warning, 0 errors
compiling stm32f4xx_hal_flash_ramfunc.c...
compiling main.c...
compiling stm32f4xx_hal_flash.c...
compiling system_stm32f4xx.c...
compiling usart.c...
compiling stm32f4xx_hal_exti.c...
compiling stm32f4xx_hal_rcc_ex.c...
compiling stm32f4xx_hal_dma.c...
compiling pid.c...
../USER/H/servo.h(11): warning:  #1-D: last line of file ends without a newline
  #endif
..\USER\C\pid.c: 1 warning, 0 errors
compiling OLED.c...
..\OLED\oled.h(5): error:  #5: cannot open source input file "bsp_sys.h": No such file or directory
  #include "bsp_sys.h"
..\OLED\OLED.c: 0 warnings, 1 error
compiling stm32f4xx_it.c...
compiling stm32f4xx_hal_cortex.c...
compiling tim.c...
compiling stm32f4xx_hal_msp.c...
compiling stm32f4xx_hal_gpio.c...
compiling stm32f4xx_hal_i2c_ex.c...
compiling stm32f4xx_hal.c...
compiling stm32f4xx_hal_pwr_ex.c...
compiling stm32f4xx_hal_flash_ex.c...
compiling stm32f4xx_hal_pwr.c...
compiling stm32f4xx_hal_dma_ex.c...
compiling stm32f4xx_hal_rcc.c...
compiling uart.c...
..\USER\C\uart.c(23): warning:  #550-D: variable "RxFlag1"  was set but never used
  		static uint8_t RxFlag1 = 0;
..\USER\C\uart.c: 1 warning, 0 errors
compiling stm32f4xx_hal_tim_ex.c...
compiling stm32f4xx_hal_uart.c...
compiling key.c...
../USER/H/control.h(24): warning:  #1-D: last line of file ends without a newline
  #endif
..\USER\C\key.c: 1 warning, 0 errors
compiling led.c...
../USER/H/led.h(7): warning:  #1295-D: Deprecated declaration led_toggle - give arg types
  void led_toggle();
../USER/H/led.h(8): warning:  #1295-D: Deprecated declaration led_on - give arg types
  void led_on();
../USER/H/led.h(9): warning:  #1295-D: Deprecated declaration led_off - give arg types
  void led_off();
..\USER\C\led.c: 3 warnings, 0 errors
compiling mpu6050.c...
..\MPU6050\mpu6050.c(2): error:  #5: cannot open source input file "delay.h": No such file or directory
  #include "delay.h"
..\MPU6050\mpu6050.c: 0 warnings, 1 error
compiling stm32f4xx_hal_tim.c...
compiling stm32f4xx_hal_i2c.c...
compiling mpuiic.c...
..\MPU6050\mpuiic.c(2): error:  #5: cannot open source input file "delay.h": No such file or directory
  #include "delay.h"
..\MPU6050\mpuiic.c: 0 warnings, 1 error
compiling inv_mpu.c...
..\MPU6050\eMPL\inv_mpu.c(28): error:  #5: cannot open source input file "delay.h": No such file or directory
  #include "delay.h"
..\MPU6050\eMPL\inv_mpu.c: 0 warnings, 1 error
compiling inv_mpu_dmp_motion_driver.c...
..\MPU6050\eMPL\inv_mpu_dmp_motion_driver.c(27): error:  #5: cannot open source input file "delay.h": No such file or directory
  #include "delay.h"
..\MPU6050\eMPL\inv_mpu_dmp_motion_driver.c: 0 warnings, 1 error
"ball_control\ball_control.axf" - 10 Error(s), 16 Warning(s).
Target not created.
Build Time Elapsed:  00:00:03
